Build started 2/12/2018 12:58:42 PM.
     1>Project "E:\HND\Assignments\PP Assignment\AtlesGym\AtlesGym\AtlesGym.vcxproj" on node 2 (build target(s)).
     1>InitializeBuildStatus:
         Creating "Debug\AtlesGym.unsuccessfulbuild" because "AlwaysCreate" was specified.
       ClCompile:
         All outputs are up-to-date.
         C:\Program Files (x86)\Microsoft Visual Studio 10.0\VC\bin\CL.exe /c /ZI /nologo /W3 /WX- /Od /Oy- /D WIN32 /D _DEBUG /D _CONSOLE /D _UNICODE /D UNICODE /Gm /EHsc /RTC1 /MDd /GS /fp:precise /Zc:wchar_t /Zc:forScope /Yu"StdAfx.h" /Fp"Debug\AtlesGym.pch" /Fo"Debug\\" /Fd"Debug\vc100.pdb" /Gd /TP /analyze- /errorReport:prompt AtlesGym.cpp
         AtlesGym.cpp
       ManifestResourceCompile:
         All outputs are up-to-date.
       Link:
         C:\Program Files (x86)\Microsoft Visual Studio 10.0\VC\bin\link.exe /ERRORREPORT:PROMPT /OUT:"E:\HND\Assignments\PP Assignment\AtlesGym\Debug\AtlesGym.exe" /INCREMENTAL /NOLOGO kernel32.lib user32.lib gdi32.lib winspool.lib comdlg32.lib advapi32.lib shell32.lib ole32.lib oleaut32.lib uuid.lib odbc32.lib odbccp32.lib /MANIFEST /ManifestFile:"Debug\AtlesGym.exe.intermediate.manifest" /MANIFESTUAC:"level='asInvoker' uiAccess='false'" /DEBUG /PDB:"E:\HND\Assignments\PP Assignment\AtlesGym\Debug\AtlesGym.pdb" /SUBSYSTEM:CONSOLE /TLBID:1 /DYNAMICBASE /NXCOMPAT /IMPLIB:"E:\HND\Assignments\PP Assignment\AtlesGym\Debug\AtlesGym.lib" /MACHINE:X86 Debug\AtlesGym.exe.embed.manifest.res
         Debug\AtlesGym.obj
         Debug\stdafx.obj
       Manifest:
         C:\Program Files (x86)\Microsoft SDKs\Windows\v7.0A\bin\mt.exe /nologo /verbose /out:"Debug\AtlesGym.exe.embed.manifest" /manifest Debug\AtlesGym.exe.intermediate.manifest
         All outputs are up-to-date.
       LinkEmbedManifest:
         All outputs are up-to-date.
         AtlesGym.vcxproj -> E:\HND\Assignments\PP Assignment\AtlesGym\Debug\AtlesGym.exe
       FinalizeBuildStatus:
         Deleting file "Debug\AtlesGym.unsuccessfulbuild".
         Touching "Debug\AtlesGym.lastbuildstate".
     1>Done Building Project "E:\HND\Assignments\PP Assignment\AtlesGym\AtlesGym\AtlesGym.vcxproj" (build target(s)).

Build succeeded.

Time Elapsed 00:00:05.78
